<?xml version="1.0" encoding="UTF-8"?>
<!-- Generated by org.testng.reporters.JUnitReportReporter -->
<testsuite hostname="DESKTOP-BF5Q01B" failures="0" tests="4" name="register1.TestData" time="59.528" errors="0" timestamp="2021-02-25T16:21:23 IST" skipped="0">
  <testcase classname="register1.TestData" name="Login" time="14.717"/>
  <system-out/>
  <testcase classname="register1.TestData" name="Login" time="15.562"/>
  <system-out/>
  <testcase classname="register1.TestData" name="Login" time="14.632"/>
  <system-out/>
  <testcase classname="register1.TestData" name="Login" time="14.617"/>
  <system-out/>
</testsuite> <!-- register1.TestData -->
