<?xml version="1.0" encoding="UTF-8"?>
<!-- Generated by org.testng.reporters.JUnitReportReporter -->
<testsuite hostname="DESKTOP-BF5Q01B" failures="0" tests="6" name="register.TestData" time="46.701" errors="0" timestamp="2021-08-23T18:21:30 IST" skipped="0">
  <testcase classname="register.TestData" name="Login" time="7.658"/>
  <system-out/>
  <testcase classname="register.TestData" name="Login" time="7.604"/>
  <system-out/>
  <testcase classname="register.TestData" name="Login" time="8.514"/>
  <system-out/>
  <testcase classname="register.TestData" name="Login" time="7.595"/>
  <system-out/>
  <testcase classname="register.TestData" name="Login" time="7.678"/>
  <system-out/>
  <testcase classname="register.TestData" name="Login" time="7.652"/>
  <system-out/>
</testsuite> <!-- register.TestData -->
