<?xml version="1.0" encoding="UTF-8"?>
<!-- Generated by org.testng.reporters.JUnitReportReporter -->
<testsuite hostname="DESKTOP-BF5Q01B" failures="0" tests="2" name="login2.TestData" time="32.889" errors="0" timestamp="2021-02-25T19:52:29 IST" skipped="0">
  <testcase classname="login2.TestData" name="Login" time="14.995"/>
  <system-out/>
  <testcase classname="login2.TestData" name="Login" time="17.894"/>
  <system-out/>
</testsuite> <!-- login2.TestData -->
