<?xml version="1.0" encoding="UTF-8"?>
<!-- Generated by org.testng.reporters.JUnitReportReporter -->
<testsuite hostname="DESKTOP-BF5Q01B" failures="0" tests="9" name="login.TestData" time="55.744" errors="0" timestamp="2021-08-23T20:09:48 IST" skipped="0">
  <testcase classname="login.TestData" name="Login" time="8.917"/>
  <system-out/>
  <testcase classname="login.TestData" name="Login" time="5.505"/>
  <system-out/>
  <testcase classname="login.TestData" name="Login" time="5.535"/>
  <system-out/>
  <testcase classname="login.TestData" name="Login" time="7.939"/>
  <system-out/>
  <testcase classname="login.TestData" name="Login" time="5.454"/>
  <system-out/>
  <testcase classname="login.TestData" name="Login" time="5.485"/>
  <system-out/>
  <testcase classname="login.TestData" name="Login" time="5.603"/>
  <system-out/>
  <testcase classname="login.TestData" name="Login" time="5.496"/>
  <system-out/>
  <testcase classname="login.TestData" name="Login" time="5.810"/>
  <system-out/>
</testsuite> <!-- login.TestData -->
